<?xml version="1.0" encoding="UTF-8"?>
<!-- Generated by org.testng.reporters.JUnitXMLReporter -->
<testsuite ignored="0" hostname="Renu" failures="2" tests="5" name="PageObjectModelProject_Jan2022" time="37.521" errors="0" timestamp="2022-03-14T12:36:34 IST">
  <testcase classname="testcases.LogIN" name="loginTest" time="12.733">
    <failure type="java.lang.NullPointerException" message="Cannot invoke &amp;quot;org.testng.ITestResult.getTestContext()&amp;quot; because the return value of &amp;quot;org.testng.Reporter.getCurrentTestResult()&amp;quot; is null">
      <![CDATA[java.lang.NullPointerException: Cannot invoke "org.testng.ITestResult.getTestContext()" because the return value of "org.testng.Reporter.getCurrentTestResult()" is null
at com.zoho.listener.ZohoeventListener.getSession(ZohoeventListener.java:45)
at com.zoho.listener.ZohoeventListener.beforeFindBy(ZohoeventListener.java:26)
at org.openqa.selenium.support.events.EventFiringWebDriver.lambda$new$0(EventFiringWebDriver.java:85)
at jdk.proxy2/jdk.proxy2.$Proxy14.beforeFindBy(Unknown Source)
at org.openqa.selenium.support.events.EventFiringWebDriver.findElement(EventFiringWebDriver.java:194)
at org.openqa.selenium.support.ui.ExpectedConditions$6.apply(ExpectedConditions.java:182)
at org.openqa.selenium.support.ui.ExpectedConditions$6.apply(ExpectedConditions.java:179)
at org.openqa.selenium.support.ui.FluentWait.lambda$checkConditionInLoop$2(FluentWait.java:233)
at java.base/java.util.concurrent.CompletableFuture$AsyncSupply.run(CompletableFuture.java:1764)
at java.base/java.util.concurrent.CompletableFuture$AsyncSupply.exec(CompletableFuture.java:1756)
at java.base/java.util.concurrent.ForkJoinTask.doExec(ForkJoinTask.java:295)
at java.base/java.util.concurrent.ForkJoinPool$WorkQueue.topLevelExec(ForkJoinPool.java:1016)
at java.base/java.util.concurrent.ForkJoinPool.scan(ForkJoinPool.java:1665)
at java.base/java.util.concurrent.ForkJoinPool.runWorker(ForkJoinPool.java:1598)
at java.base/java.util.concurrent.ForkJoinWorkerThread.run(ForkJoinWorkerThread.java:183)
... Removed 4 stack frames]]>
    </failure>
  </testcase> <!-- loginTest -->
  <testcase classname="testcases.LogIN" name="loginTest" time="0.004">
    <skipped/>
  </testcase> <!-- loginTest -->
  <testcase classname="testcases.LogIN" name="loginTest" time="0.004">
    <skipped/>
  </testcase> <!-- loginTest -->
  <testcase classname="testcases.CreateLead" name="loginTest" time="23.018">
    <failure type="java.lang.NullPointerException" message="Cannot invoke &amp;quot;org.testng.ITestResult.getTestContext()&amp;quot; because the return value of &amp;quot;org.testng.Reporter.getCurrentTestResult()&amp;quot; is null">
      <![CDATA[java.lang.NullPointerException: Cannot invoke "org.testng.ITestResult.getTestContext()" because the return value of "org.testng.Reporter.getCurrentTestResult()" is null
at com.zoho.listener.ZohoeventListener.getSession(ZohoeventListener.java:45)
at com.zoho.listener.ZohoeventListener.beforeFindBy(ZohoeventListener.java:26)
at org.openqa.selenium.support.events.EventFiringWebDriver.lambda$new$0(EventFiringWebDriver.java:85)
at jdk.proxy2/jdk.proxy2.$Proxy14.beforeFindBy(Unknown Source)
at org.openqa.selenium.support.events.EventFiringWebDriver.findElement(EventFiringWebDriver.java:194)
at org.openqa.selenium.support.ui.ExpectedConditions$6.apply(ExpectedConditions.java:182)
at org.openqa.selenium.support.ui.ExpectedConditions$6.apply(ExpectedConditions.java:179)
at org.openqa.selenium.support.ui.FluentWait.lambda$checkConditionInLoop$2(FluentWait.java:233)
at java.base/java.util.concurrent.CompletableFuture$AsyncSupply.run(CompletableFuture.java:1764)
at java.base/java.util.concurrent.CompletableFuture$AsyncSupply.exec(CompletableFuture.java:1756)
at java.base/java.util.concurrent.ForkJoinTask.doExec(ForkJoinTask.java:295)
at java.base/java.util.concurrent.ForkJoinPool$WorkQueue.topLevelExec(ForkJoinPool.java:1016)
at java.base/java.util.concurrent.ForkJoinPool.scan(ForkJoinPool.java:1665)
at java.base/java.util.concurrent.ForkJoinPool.runWorker(ForkJoinPool.java:1598)
at java.base/java.util.concurrent.ForkJoinWorkerThread.run(ForkJoinWorkerThread.java:183)
... Removed 4 stack frames]]>
    </failure>
  </testcase> <!-- loginTest -->
  <testcase classname="testcases.CreateLead" name="loginTest" time="0.01">
    <skipped/>
  </testcase> <!-- loginTest -->
</testsuite> <!-- PageObjectModelProject_Jan2022 -->
